{"C:\\Users\\rodri\\OneDrive\\Documentos\\ultima\\ultima_material\\module-3\\week-5\\carrinho\\carrinho.js": {"path":"C:\\Users\\rodri\\OneDrive\\Documentos\\ultima\\ultima_material\\module-3\\week-5\\carrinho\\carrinho.js","statementMap":{"0":{"start":{"line":3,"column":6},"end":{"line":3,"column":22}},"1":{"start":{"line":4,"column":6},"end":{"line":4,"column":27}},"2":{"start":{"line":5,"column":6},"end":{"line":5,"column":24}},"3":{"start":{"line":6,"column":6},"end":{"line":6,"column":24}},"4":{"start":{"line":10,"column":6},"end":{"line":10,"column":28}},"5":{"start":{"line":14,"column":6},"end":{"line":14,"column":25}},"6":{"start":{"line":18,"column":6},"end":{"line":18,"column":93}},"7":{"start":{"line":18,"column":56},"end":{"line":18,"column":88}},"8":{"start":{"line":19,"column":6},"end":{"line":19,"column":40}},"9":{"start":{"line":23,"column":6},"end":{"line":25,"column":7}},"10":{"start":{"line":24,"column":8},"end":{"line":24,"column":53}},"11":{"start":{"line":27,"column":6},"end":{"line":27,"column":39}},"12":{"start":{"line":29,"column":6},"end":{"line":33,"column":8}}},"fnMap":{"0":{"name":"(anonymous_0)","decl":{"start":{"line":2,"column":4},"end":{"line":2,"column":5}},"loc":{"start":{"line":2,"column":18},"end":{"line":7,"column":5}},"line":2},"1":{"name":"(anonymous_1)","decl":{"start":{"line":9,"column":4},"end":{"line":9,"column":5}},"loc":{"start":{"line":9,"column":19},"end":{"line":11,"column":5}},"line":9},"2":{"name":"(anonymous_2)","decl":{"start":{"line":13,"column":4},"end":{"line":13,"column":5}},"loc":{"start":{"line":13,"column":25},"end":{"line":15,"column":5}},"line":13},"3":{"name":"(anonymous_3)","decl":{"start":{"line":17,"column":4},"end":{"line":17,"column":5}},"loc":{"start":{"line":17,"column":19},"end":{"line":20,"column":5}},"line":17},"4":{"name":"(anonymous_4)","decl":{"start":{"line":18,"column":40},"end":{"line":18,"column":41}},"loc":{"start":{"line":18,"column":56},"end":{"line":18,"column":88}},"line":18},"5":{"name":"(anonymous_5)","decl":{"start":{"line":22,"column":4},"end":{"line":22,"column":5}},"loc":{"start":{"line":22,"column":21},"end":{"line":34,"column":5}},"line":22}},"branchMap":{"0":{"loc":{"start":{"line":23,"column":6},"end":{"line":25,"column":7}},"type":"if","locations":[{"start":{"line":23,"column":6},"end":{"line":25,"column":7}},{"start":{},"end":{}}],"line":23}},"s":{"0":6,"1":6,"2":6,"3":6,"4":4,"5":2,"6":1,"7":2,"8":1,"9":2,"10":1,"11":1,"12":1},"f":{"0":6,"1":4,"2":2,"3":1,"4":2,"5":2},"b":{"0":[1,1]},"_coverageSchema":"1a1c01bbd47fc00a2c39e90264f33305004495a9","hash":"6c450cf1bc6530c9c264e0df38d6ec8d6c2188c7"}
,"C:\\Users\\rodri\\OneDrive\\Documentos\\ultima\\ultima_material\\module-3\\week-5\\carrinho\\item.js": {"path":"C:\\Users\\rodri\\OneDrive\\Documentos\\ultima\\ultima_material\\module-3\\week-5\\carrinho\\item.js","statementMap":{"0":{"start":{"line":3,"column":6},"end":{"line":3,"column":23}},"1":{"start":{"line":4,"column":6},"end":{"line":4,"column":25}},"2":{"start":{"line":5,"column":6},"end":{"line":5,"column":35}},"3":{"start":{"line":9,"column":6},"end":{"line":9,"column":42}}},"fnMap":{"0":{"name":"(anonymous_0)","decl":{"start":{"line":2,"column":4},"end":{"line":2,"column":5}},"loc":{"start":{"line":2,"column":41},"end":{"line":6,"column":5}},"line":2},"1":{"name":"(anonymous_1)","decl":{"start":{"line":8,"column":4},"end":{"line":8,"column":5}},"loc":{"start":{"line":8,"column":25},"end":{"line":10,"column":5}},"line":8}},"branchMap":{},"s":{"0":6,"1":6,"2":6,"3":3},"f":{"0":6,"1":3},"b":{},"_coverageSchema":"1a1c01bbd47fc00a2c39e90264f33305004495a9","hash":"ded0026a1c6f5cb9dcd1763b6f1fc21c33ea62c1"}
,"C:\\Users\\rodri\\OneDrive\\Documentos\\ultima\\ultima_material\\module-3\\week-5\\queryString\\03-queryString.js": {"path":"C:\\Users\\rodri\\OneDrive\\Documentos\\ultima\\ultima_material\\module-3\\week-5\\queryString\\03-queryString.js","statementMap":{"0":{"start":{"line":18,"column":0},"end":{"line":26,"column":15}},"1":{"start":{"line":19,"column":4},"end":{"line":26,"column":14}},"2":{"start":{"line":21,"column":8},"end":{"line":23,"column":9}},"3":{"start":{"line":22,"column":12},"end":{"line":22,"column":48}},"4":{"start":{"line":24,"column":8},"end":{"line":24,"column":33}}},"fnMap":{"0":{"name":"(anonymous_0)","decl":{"start":{"line":18,"column":29},"end":{"line":18,"column":30}},"loc":{"start":{"line":19,"column":4},"end":{"line":26,"column":14}},"line":19},"1":{"name":"(anonymous_1)","decl":{"start":{"line":20,"column":9},"end":{"line":20,"column":10}},"loc":{"start":{"line":20,"column":27},"end":{"line":25,"column":5}},"line":20}},"branchMap":{"0":{"loc":{"start":{"line":21,"column":8},"end":{"line":23,"column":9}},"type":"if","locations":[{"start":{"line":21,"column":8},"end":{"line":23,"column":9}},{"start":{},"end":{}}],"line":21},"1":{"loc":{"start":{"line":21,"column":12},"end":{"line":21,"column":62}},"type":"binary-expr","locations":[{"start":{"line":21,"column":12},"end":{"line":21,"column":37}},{"start":{"line":21,"column":41},"end":{"line":21,"column":62}}],"line":21}},"s":{"0":1,"1":3,"2":6,"3":1,"4":5},"f":{"0":3,"1":6},"b":{"0":[1,5],"1":[6,2]},"_coverageSchema":"1a1c01bbd47fc00a2c39e90264f33305004495a9","hash":"4a08d8fe48f459a08aa7e00051e0efd82ac48b28"}
,"C:\\Users\\rodri\\OneDrive\\Documentos\\ultima\\ultima_material\\module-3\\week-5\\salario\\01-salario.js": {"path":"C:\\Users\\rodri\\OneDrive\\Documentos\\ultima\\ultima_material\\module-3\\week-5\\salario\\01-salario.js","statementMap":{"0":{"start":{"line":4,"column":23},"end":{"line":4,"column":25}},"1":{"start":{"line":5,"column":25},"end":{"line":5,"column":44}},"2":{"start":{"line":7,"column":4},"end":{"line":7,"column":59}}},"fnMap":{"0":{"name":"salario","decl":{"start":{"line":3,"column":16},"end":{"line":3,"column":23}},"loc":{"start":{"line":3,"column":64},"end":{"line":8,"column":1}},"line":3}},"branchMap":{},"s":{"0":4,"1":4,"2":4},"f":{"0":4},"b":{},"_coverageSchema":"1a1c01bbd47fc00a2c39e90264f33305004495a9","hash":"bb9103fe048d3c8f72f8fc5ef7ec92d56bbbb949"}
,"C:\\Users\\rodri\\OneDrive\\Documentos\\ultima\\ultima_material\\module-3\\week-5\\soma\\02-soma.js": {"path":"C:\\Users\\rodri\\OneDrive\\Documentos\\ultima\\ultima_material\\module-3\\week-5\\soma\\02-soma.js","statementMap":{"0":{"start":{"line":3,"column":0},"end":{"line":5,"column":1}},"1":{"start":{"line":4,"column":4},"end":{"line":4,"column":23}}},"fnMap":{"0":{"name":"(anonymous_0)","decl":{"start":{"line":3,"column":21},"end":{"line":3,"column":22}},"loc":{"start":{"line":3,"column":37},"end":{"line":5,"column":1}},"line":3}},"branchMap":{},"s":{"0":1,"1":1},"f":{"0":1},"b":{},"_coverageSchema":"1a1c01bbd47fc00a2c39e90264f33305004495a9","hash":"f5c60fe17bd507d82b36bda65441c5df8246400f"}
}
