{"C:\\Users\\rodri\\OneDrive\\Documentos\\ultima\\ultima_material\\module-3\\week-5\\soma\\02-soma.js": {"path":"C:\\Users\\rodri\\OneDrive\\Documentos\\ultima\\ultima_material\\module-3\\week-5\\soma\\02-soma.js","statementMap":{"0":{"start":{"line":3,"column":0},"end":{"line":5,"column":1}},"1":{"start":{"line":4,"column":4},"end":{"line":4,"column":23}}},"fnMap":{"0":{"name":"(anonymous_0)","decl":{"start":{"line":3,"column":21},"end":{"line":3,"column":22}},"loc":{"start":{"line":3,"column":37},"end":{"line":5,"column":1}},"line":3}},"branchMap":{},"s":{"0":1,"1":1},"f":{"0":1},"b":{},"_coverageSchema":"1a1c01bbd47fc00a2c39e90264f33305004495a9","hash":"f5c60fe17bd507d82b36bda65441c5df8246400f"}
}
