TN:
SF:module-3\week-5\carrinho\carrinho.js
FN:2,(anonymous_0)
FN:9,(anonymous_1)
FN:13,(anonymous_2)
FN:17,(anonymous_3)
FN:18,(anonymous_4)
FN:22,(anonymous_5)
FNF:6
FNH:6
FNDA:6,(anonymous_0)
FNDA:4,(anonymous_1)
FNDA:2,(anonymous_2)
FNDA:1,(anonymous_3)
FNDA:2,(anonymous_4)
FNDA:2,(anonymous_5)
DA:3,6
DA:4,6
DA:5,6
DA:6,6
DA:10,4
DA:14,2
DA:18,2
DA:19,1
DA:23,2
DA:24,1
DA:27,1
DA:29,1
LF:12
LH:12
BRDA:23,0,0,1
BRDA:23,0,1,1
BRF:2
BRH:2
end_of_record
TN:
SF:module-3\week-5\carrinho\item.js
FN:2,(anonymous_0)
FN:8,(anonymous_1)
FNF:2
FNH:2
FNDA:6,(anonymous_0)
FNDA:3,(anonymous_1)
DA:3,6
DA:4,6
DA:5,6
DA:9,3
LF:4
LH:4
BRF:0
BRH:0
end_of_record
TN:
SF:module-3\week-5\queryString\03-queryString.js
FN:18,(anonymous_0)
FN:20,(anonymous_1)
FNF:2
FNH:2
FNDA:3,(anonymous_0)
FNDA:6,(anonymous_1)
DA:18,1
DA:19,3
DA:21,6
DA:22,1
DA:24,5
LF:5
LH:5
BRDA:21,0,0,1
BRDA:21,0,1,5
BRDA:21,1,0,6
BRDA:21,1,1,2
BRF:4
BRH:4
end_of_record
TN:
SF:module-3\week-5\salario\01-salario.js
FN:3,salario
FNF:1
FNH:1
FNDA:4,salario
DA:4,4
DA:5,4
DA:7,4
LF:3
LH:3
BRF:0
BRH:0
end_of_record
TN:
SF:module-3\week-5\soma\02-soma.js
FN:3,(anonymous_0)
FNF:1
FNH:1
FNDA:1,(anonymous_0)
DA:3,1
DA:4,1
LF:2
LH:2
BRF:0
BRH:0
end_of_record
